<?xml version="1.0" encoding="UTF-8"?>
<!-- Generated by org.testng.reporters.JUnitXMLReporter -->
<testsuite hostname="DESKTOP-MEGCP4U" ignored="0" name="Default test" tests="34" failures="0" timestamp="2021-11-22T15:50:14 IST" time="195.272" errors="0">
  <testcase name="RIPC_Login" time="38.338" classname="tnm_review_main.CreateRequest"/>
  <testcase name="create_req" time="2.311" classname="tnm_review_main.CreateRequest"/>
  <testcase name="skill_req" time="1.582" classname="tnm_review_main.CreateRequest"/>
  <testcase name="select_requestor" time="8.94" classname="tnm_review_main.CreateRequest"/>
  <testcase name="select_jrss" time="3.338" classname="tnm_review_main.CreateRequest"/>
  <testcase name="req_details" time="7.137" classname="tnm_review_main.CreateRequest"/>
  <testcase name="loc_details" time="10.296" classname="tnm_review_main.CreateRequest"/>
  <testcase name="alert_call" time="0.006" classname="tnm_review_main.CreateRequest"/>
  <testcase name="rates_details" time="5.424" classname="tnm_review_main.CreateRequest"/>
  <testcase name="sup_slection" time="8.866" classname="tnm_review_main.CreateRequest"/>
  <testcase name="switching_insta" time="5.625" classname="tnm_review_main.CreateRequest"/>
  <testcase name="create_req_GB" time="0.834" classname="tnm_review_main.CreateRequest"/>
  <testcase name="switch_cntry" time="0.709" classname="tnm_review_main.CreateRequest"/>
  <testcase name="skill_req_GB" time="1.228" classname="tnm_review_main.CreateRequest"/>
  <testcase name="chang_requestor" time="2.78" classname="tnm_review_main.CreateRequest"/>
  <testcase name="select_requestor_GB" time="8.413" classname="tnm_review_main.CreateRequest"/>
  <testcase name="select_jrss_GB" time="2.845" classname="tnm_review_main.CreateRequest"/>
  <testcase name="req_details_GB" time="7.826" classname="tnm_review_main.CreateRequest"/>
  <testcase name="loc_details_GB" time="7.045" classname="tnm_review_main.CreateRequest"/>
  <testcase name="alert_call_GB" time="0.006" classname="tnm_review_main.CreateRequest"/>
  <testcase name="rates_details_GB" time="5.023" classname="tnm_review_main.CreateRequest"/>
  <testcase name="sup_slection_GB" time="8.138" classname="tnm_review_main.CreateRequest"/>
  <testcase name="switching_inst_US" time="6.42" classname="tnm_review_main.CreateRequest"/>
  <testcase name="create_req_US" time="1.618" classname="tnm_review_main.CreateRequest"/>
  <testcase name="switch_cntry_US" time="0.656" classname="tnm_review_main.CreateRequest"/>
  <testcase name="skill_req_US" time="1.177" classname="tnm_review_main.CreateRequest"/>
  <testcase name="chang_requestor_US" time="2.565" classname="tnm_review_main.CreateRequest"/>
  <testcase name="select_requestor_US" time="5.701" classname="tnm_review_main.CreateRequest"/>
  <testcase name="select_jrss_US" time="2.272" classname="tnm_review_main.CreateRequest"/>
  <testcase name="req_details_US" time="6.854" classname="tnm_review_main.CreateRequest"/>
  <testcase name="loc_details_US" time="8.449" classname="tnm_review_main.CreateRequest"/>
  <testcase name="alert_call_US" time="0.01" classname="tnm_review_main.CreateRequest"/>
  <testcase name="rates_details_US" time="3.766" classname="tnm_review_main.CreateRequest"/>
  <testcase name="sup_slection_US" time="9.065" classname="tnm_review_main.CreateRequest"/>
</testsuite> <!-- Default test -->
