<?xml version="1.0" encoding="UTF-8"?>
<!-- Generated by org.testng.reporters.JUnitXMLReporter -->
<testsuite hostname="DESKTOP-MEGCP4U" ignored="0" name="Regression suite 1" tests="36" failures="0" timestamp="2020-10-19T17:32:38 IST" time="849.953" errors="0">
  <testcase name="RIPC_Login" time="187.466" classname="tnm_review_GB_main.CreateRequest_GB"/>
  <testcase name="switching_insta" time="10.72" classname="tnm_review_GB_main.CreateRequest_GB"/>
  <testcase name="create_req" time="2.846" classname="tnm_review_GB_main.CreateRequest_GB"/>
  <testcase name="switch_cntry" time="1.362" classname="tnm_review_GB_main.CreateRequest_GB"/>
  <testcase name="skill_req" time="2.481" classname="tnm_review_GB_main.CreateRequest_GB"/>
  <testcase name="chang_requestor" time="5.054" classname="tnm_review_GB_main.CreateRequest_GB"/>
  <testcase name="select_requestor" time="11.809" classname="tnm_review_GB_main.CreateRequest_GB"/>
  <testcase name="select_jrss" time="5.989" classname="tnm_review_GB_main.CreateRequest_GB"/>
  <testcase name="req_details" time="16.052" classname="tnm_review_GB_main.CreateRequest_GB"/>
  <testcase name="loc_details" time="11.887" classname="tnm_review_GB_main.CreateRequest_GB"/>
  <testcase name="alert_call" time="0.014" classname="tnm_review_GB_main.CreateRequest_GB"/>
  <testcase name="rates_details" time="7.384" classname="tnm_review_GB_main.CreateRequest_GB"/>
  <testcase name="sup_slection" time="24.208" classname="tnm_review_GB_main.CreateRequest_GB"/>
  <testcase name="RIPC_Login" time="189.119" classname="tnm_review_IND_main.CreateRequest_IND"/>
  <testcase name="create_req" time="3.376" classname="tnm_review_IND_main.CreateRequest_IND"/>
  <testcase name="skill_req" time="2.822" classname="tnm_review_IND_main.CreateRequest_IND"/>
  <testcase name="select_requestor" time="27.133" classname="tnm_review_IND_main.CreateRequest_IND"/>
  <testcase name="select_jrss" time="6.294" classname="tnm_review_IND_main.CreateRequest_IND"/>
  <testcase name="req_details" time="10.387" classname="tnm_review_IND_main.CreateRequest_IND"/>
  <testcase name="loc_details" time="14.523" classname="tnm_review_IND_main.CreateRequest_IND"/>
  <testcase name="alert_call" time="0.007" classname="tnm_review_IND_main.CreateRequest_IND"/>
  <testcase name="rates_details" time="9.177" classname="tnm_review_IND_main.CreateRequest_IND"/>
  <testcase name="sup_slection" time="13.678" classname="tnm_review_IND_main.CreateRequest_IND"/>
  <testcase name="RIPC_Login" time="185.677" classname="tnm_review_US_main.CreateRequest_US"/>
  <testcase name="switching_insta" time="8.204" classname="tnm_review_US_main.CreateRequest_US"/>
  <testcase name="create_req" time="1.197" classname="tnm_review_US_main.CreateRequest_US"/>
  <testcase name="switch_cntry" time="1.523" classname="tnm_review_US_main.CreateRequest_US"/>
  <testcase name="skill_req" time="2.712" classname="tnm_review_US_main.CreateRequest_US"/>
  <testcase name="chang_requestor" time="4.447" classname="tnm_review_US_main.CreateRequest_US"/>
  <testcase name="select_requestor" time="10.364" classname="tnm_review_US_main.CreateRequest_US"/>
  <testcase name="select_jrss" time="5.272" classname="tnm_review_US_main.CreateRequest_US"/>
  <testcase name="req_details" time="9.684" classname="tnm_review_US_main.CreateRequest_US"/>
  <testcase name="loc_details" time="10.45" classname="tnm_review_US_main.CreateRequest_US"/>
  <testcase name="alert_call" time="0.018" classname="tnm_review_US_main.CreateRequest_US"/>
  <testcase name="rates_details" time="8.476" classname="tnm_review_US_main.CreateRequest_US"/>
  <testcase name="sup_slection" time="14.779" classname="tnm_review_US_main.CreateRequest_US"/>
</testsuite> <!-- Regression suite 1 -->
